# Browser log session: session_1775142571940_e7cxmf
# Created at (UTC): 2026-04-02T15:10:07.089096
# Lead email: felipe.cavalari89@gmail.com

[2026-04-02T15:10:01.711Z] [WARN] websocket closed {"reason":"","code":1006,"wasClean":false,"state":4}
[2026-04-02T15:10:01.875Z] [WARN] Initial connection failed: v1 RTC path not found. Consider upgrading your LiveKit server version – Retrying
[2026-04-02T15:10:03.898Z] [INFO] WebRTC room connected
[2026-04-02T15:10:03.901Z] [INFO] publishing track {"room":"room_agent_1701kh71cdz4fa2t90c7qm8heem2_conv_1701kn7bwr56ecpshwxetcpryfsm","roomID":"RM_avkhbPWWhsA7","participant":"user_agent_1701kh71cdz4fa2t90c7qm8heem2_conv_1701kn7bwr56ecpshwxetcpryfsm","participantID":"PA_doVttaVxLyzt","source":"microphone","muted":false,"enabled":true,"kind":"audio","streamID":"{d32a8f7d-cf18-4439-a95a-8878b41bbc54}","streamTrackID":"{d32a8f7d-cf18-4439-a95a-8878b41bbc54}"}
[2026-04-02T15:10:04.010Z] [ERROR] [Conversation] erro ao salvar áudio: TypeError: NetworkError when attempting to fetch resource.
[2026-04-02T15:10:04.836Z] [ERROR] [Conversation] erro ao salvar áudio: TypeError: NetworkError when attempting to fetch resource.
[2026-04-02T15:10:04.946Z] [ERROR] [Conversation] erro ao salvar áudio: TypeError: NetworkError when attempting to fetch resource.
[2026-04-02T15:10:05.046Z] [ERROR] [Conversation] erro ao salvar áudio: TypeError: NetworkError when attempting to fetch resource.
[2026-04-02T15:10:05.147Z] [ERROR] [Conversation] erro ao salvar áudio: TypeError: NetworkError when attempting to fetch resource.
[2026-04-02T15:10:05.246Z] [ERROR] [Conversation] erro ao salvar áudio: TypeError: NetworkError when attempting to fetch resource.
[2026-04-02T15:10:05.348Z] [ERROR] [Conversation] erro ao salvar áudio: TypeError: NetworkError when attempting to fetch resource.
[2026-04-02T15:10:05.546Z] [ERROR] [Conversation] erro ao salvar áudio: TypeError: NetworkError when attempting to fetch resource.
[2026-04-02T15:10:06.157Z] [ERROR] [Conversation] erro ao salvar áudio: TypeError: NetworkError when attempting to fetch resource.
[2026-04-02T15:10:06.256Z] [ERROR] [Conversation] erro ao salvar áudio: TypeError: NetworkError when attempting to fetch resource.
[2026-04-02T15:10:06.357Z] [ERROR] [Conversation] erro ao salvar áudio: TypeError: NetworkError when attempting to fetch resource.
[2026-04-02T15:10:06.466Z] [ERROR] [Conversation] erro ao salvar áudio: TypeError: NetworkError when attempting to fetch resource.
[2026-04-02T15:10:06.566Z] [ERROR] [Conversation] erro ao salvar áudio: TypeError: NetworkError when attempting to fetch resource.
[2026-04-02T15:10:06.667Z] [ERROR] [Conversation] erro ao salvar áudio: TypeError: NetworkError when attempting to fetch resource.
[2026-04-02T15:10:06.770Z] [ERROR] [Conversation] erro ao salvar áudio: TypeError: NetworkError when attempting to fetch resource.
[2026-04-02T15:10:07.070Z] [ERROR] [Conversation] erro ao salvar áudio: TypeError: NetworkError when attempting to fetch resource.
[2026-04-02T15:10:07.167Z] [ERROR] [Conversation] erro ao salvar áudio: TypeError: NetworkError when attempting to fetch resource.
[2026-04-02T15:10:07.282Z] [ERROR] [Conversation] erro ao salvar áudio: TypeError: NetworkError when attempting to fetch resource.
[2026-04-02T15:10:07.376Z] [ERROR] [Conversation] erro ao salvar áudio: TypeError: NetworkError when attempting to fetch resource.
[2026-04-02T15:10:07.477Z] [ERROR] [Conversation] erro ao salvar áudio: TypeError: NetworkError when attempting to fetch resource.
[2026-04-02T15:10:07.577Z] [ERROR] [Conversation] erro ao salvar áudio: TypeError: NetworkError when attempting to fetch resource.
[2026-04-02T15:10:07.677Z] [ERROR] [Conversation] erro ao salvar áudio: TypeError: NetworkError when attempting to fetch resource.
[2026-04-02T15:10:07.804Z] [ERROR] [Conversation] erro ao salvar áudio: TypeError: NetworkError when attempting to fetch resource.
[2026-04-02T15:10:07.878Z] [ERROR] [Conversation] erro ao salvar áudio: TypeError: NetworkError when attempting to fetch resource.
[2026-04-02T15:10:07.986Z] [ERROR] [Conversation] erro ao salvar áudio: TypeError: NetworkError when attempting to fetch resource.
[2026-04-02T15:10:08.019Z] [ERROR] [Conversation] erro ao salvar áudio: TypeError: NetworkError when attempting to fetch resource.
[2026-04-02T15:10:08.089Z] [ERROR] [Conversation] erro ao salvar áudio: TypeError: NetworkError when attempting to fetch resource.
[2026-04-02T15:10:08.188Z] [ERROR] [Conversation] erro ao salvar áudio: TypeError: NetworkError when attempting to fetch resource.
[2026-04-02T15:10:08.289Z] [ERROR] [Conversation] erro ao salvar áudio: TypeError: NetworkError when attempting to fetch resource.
[2026-04-02T15:10:08.391Z] [ERROR] [Conversation] erro ao salvar áudio: TypeError: NetworkError when attempting to fetch resource.
[2026-04-02T15:10:08.492Z] [ERROR] [Conversation] erro ao salvar áudio: TypeError: NetworkError when attempting to fetch resource.
[2026-04-02T15:10:08.588Z] [ERROR] [Conversation] erro ao salvar áudio: TypeError: NetworkError when attempting to fetch resource.
[2026-04-02T15:10:08.689Z] [ERROR] [Conversation] erro ao salvar áudio: TypeError: NetworkError when attempting to fetch resource.
[2026-04-02T15:10:08.799Z] [ERROR] [Conversation] erro ao salvar áudio: TypeError: NetworkError when attempting to fetch resource.
[2026-04-02T15:10:12.018Z] [ERROR] [Conversation] erro ao salvar áudio: TypeError: NetworkError when attempting to fetch resource.
[2026-04-02T15:10:16.017Z] [ERROR] [Conversation] erro ao salvar áudio: TypeError: NetworkError when attempting to fetch resource.
[2026-04-02T15:10:18.121Z] [ERROR] [Conversation] erro ao salvar áudio: TypeError: NetworkError when attempting to fetch resource.
[2026-04-02T15:10:18.216Z] [ERROR] [Conversation] erro ao salvar áudio: TypeError: NetworkError when attempting to fetch resource.
[2026-04-02T15:10:18.318Z] [ERROR] [Conversation] erro ao salvar áudio: TypeError: NetworkError when attempting to fetch resource.
[2026-04-02T15:10:18.416Z] [ERROR] [Conversation] erro ao salvar áudio: TypeError: NetworkError when attempting to fetch resource.
[2026-04-02T15:10:18.516Z] [ERROR] [Conversation] erro ao salvar áudio: TypeError: NetworkError when attempting to fetch resource.
[2026-04-02T15:10:18.626Z] [ERROR] [Conversation] erro ao salvar áudio: TypeError: NetworkError when attempting to fetch resource.
[2026-04-02T15:10:18.849Z] [ERROR] [Conversation] erro ao salvar áudio: TypeError: NetworkError when attempting to fetch resource.
[2026-04-02T15:10:18.852Z] [ERROR] [Conversation] erro ao salvar áudio: TypeError: NetworkError when attempting to fetch resource.
[2026-04-02T15:10:18.926Z] [ERROR] [Conversation] erro ao salvar áudio: TypeError: NetworkError when attempting to fetch resource.
[2026-04-02T15:10:19.027Z] [ERROR] [Conversation] erro ao salvar áudio: TypeError: NetworkError when attempting to fetch resource.
[2026-04-02T15:10:19.127Z] [ERROR] [Conversation] erro ao salvar áudio: TypeError: NetworkError when attempting to fetch resource.
[2026-04-02T15:10:19.226Z] [ERROR] [Conversation] erro ao salvar áudio: TypeError: NetworkError when attempting to fetch resource.
[2026-04-02T15:10:19.327Z] [ERROR] [Conversation] erro ao salvar áudio: TypeError: NetworkError when attempting to fetch resource.
[2026-04-02T15:10:19.437Z] [ERROR] [Conversation] erro ao salvar áudio: TypeError: NetworkError when attempting to fetch resource.
[2026-04-02T15:10:19.536Z] [ERROR] [Conversation] erro ao salvar áudio: TypeError: NetworkError when attempting to fetch resource.
[2026-04-02T15:10:20.017Z] [ERROR] [Conversation] erro ao salvar áudio: TypeError: NetworkError when attempting to fetch resource.
[2026-04-02T15:10:20.351Z] [ERROR] [Conversation] erro ao salvar áudio: TypeError: NetworkError when attempting to fetch resource.
[2026-04-02T15:10:20.447Z] [ERROR] [Conversation] erro ao salvar áudio: TypeError: NetworkError when attempting to fetch resource.
[2026-04-02T15:10:20.653Z] [ERROR] [Conversation] erro ao salvar áudio: TypeError: NetworkError when attempting to fetch resource.
[2026-04-02T15:10:20.746Z] [ERROR] [Conversation] erro ao salvar áudio: TypeError: NetworkError when attempting to fetch resource.
[2026-04-02T15:10:20.847Z] [ERROR] [Conversation] erro ao salvar áudio: TypeError: NetworkError when attempting to fetch resource.
[2026-04-02T15:10:20.957Z] [ERROR] [Conversation] erro ao salvar áudio: TypeError: NetworkError when attempting to fetch resource.
[2026-04-02T15:10:21.059Z] [ERROR] [Conversation] erro ao salvar áudio: TypeError: NetworkError when attempting to fetch resource.
[2026-04-02T15:10:21.165Z] [ERROR] [Conversation] erro ao salvar áudio: TypeError: NetworkError when attempting to fetch resource.
[2026-04-02T15:10:21.257Z] [ERROR] [Conversation] erro ao salvar áudio: TypeError: NetworkError when attempting to fetch resource.
[2026-04-02T15:10:21.356Z] [ERROR] [Conversation] erro ao salvar áudio: TypeError: NetworkError when attempting to fetch resource.
[2026-04-02T15:10:21.457Z] [ERROR] [Conversation] erro ao salvar áudio: TypeError: NetworkError when attempting to fetch resource.
[2026-04-02T15:10:21.557Z] [ERROR] [Conversation] erro ao salvar áudio: TypeError: NetworkError when attempting to fetch resource.
[2026-04-02T15:10:21.666Z] [ERROR] [Conversation] erro ao salvar áudio: TypeError: NetworkError when attempting to fetch resource.
[2026-04-02T15:10:21.767Z] [ERROR] [Conversation] erro ao salvar áudio: TypeError: NetworkError when attempting to fetch resource.
[2026-04-02T15:10:21.867Z] [ERROR] [Conversation] erro ao salvar áudio: TypeError: NetworkError when attempting to fetch resource.
